<?xml version="1.0" encoding="UTF-8"?>
<!-- Generated by org.testng.reporters.JUnitReportReporter -->
<testsuite hostname="DESKTOP-OBP08OP" failures="0" tests="4" name="AotumationTestScors" time="23.869" errors="0" timestamp="2025-05-20T01:45:51 EET" skipped="1">
  <testcase classname="AotumationTestScors" name="SignUp" time="11.455"/>
  <system-out/>
  <testcase classname="AotumationTestScors" name="AddOneRandomItem" time="3.589"/>
  <system-out/>
  <testcase classname="AotumationTestScors" name="AddRandomItems" time="8.825"/>
  <system-out/>
  <testcase classname="AotumationTestScors" name="LoginTest">
    <skipped/>
  </testcase> <!-- LoginTest -->
  <system-out/>
</testsuite> <!-- AotumationTestScors -->
